<?xml version="1.0" encoding="UTF-8"?>
<!-- Generated by org.testng.reporters.JUnitReportReporter -->
<testsuite hostname="LAPTOP-NT62VGN0" failures="0" tests="1" name="MyRunner.TestRunner" time="42.541" errors="0" timestamp="25 May 2023 04:37:10 GMT" skipped="0">
  <testcase classname="MyRunner.TestRunner" name="feature" time="42.541"/>
</testsuite> <!-- MyRunner.TestRunner -->
